<?xml version="1.0" encoding="UTF-8"?>
<!-- Generated by org.testng.reporters.JUnitXMLReporter -->
<testsuite ignored="0" hostname="DESKTOP-EDLROQB" failures="0" tests="4" name="Test" time="48.413" errors="0" timestamp="2020-12-13T12:50:19 IST">
  <testcase classname="Academy.validateNavigationBar" name="basePageNavigation" time="0.147"/>
  <testcase classname="Academy.HomePage" name="basePageNavigation" time="10.247"/>
  <testcase classname="Academy.HomePage" name="basePageNavigation" time="11.175"/>
  <testcase classname="Academy.validateTitle" name="basePageNavigation" time="0.041"/>
</testsuite> <!-- Test -->
