<?xml version="1.0" encoding="UTF-8"?>
<testng-results ignored="0" total="1" passed="1" failed="0" skipped="0">
  <reporter-output>
  </reporter-output>
  <suite started-at="2020-12-03T17:20:15 IST" name="Default suite" finished-at="2020-12-03T17:20:23 IST" duration-ms="8039">
    <groups>
    </groups>
    <test started-at="2020-12-03T17:20:15 IST" name="Default test" finished-at="2020-12-03T17:20:23 IST" duration-ms="8039">
      <class name="lavishAcademy.ExtentReports.ExtentReportDemo">
        <test-method is-config="true" signature="config()[pri:0, instance:lavishAcademy.ExtentReports.ExtentReportDemo@3c9d0b9d]" started-at="2020-12-03T17:20:15 IST" name="config" finished-at="2020-12-03T17:20:15 IST" duration-ms="161" status="PASS">
          <reporter-output>
          </reporter-output>
        </test-method> <!-- config -->
        <test-method signature="initialDemo()[pri:0, instance:lavishAcademy.ExtentReports.ExtentReportDemo@3c9d0b9d]" started-at="2020-12-03T17:20:15 IST" name="initialDemo" finished-at="2020-12-03T17:20:23 IST" duration-ms="7841" status="PASS">
          <reporter-output>
          </reporter-output>
        </test-method> <!-- initialDemo -->
      </class> <!-- lavishAcademy.ExtentReports.ExtentReportDemo -->
    </test> <!-- Default test -->
  </suite> <!-- Default suite -->
</testng-results>
