<?xml version="1.0" encoding="UTF-8"?>
<!-- Generated by org.testng.reporters.JUnitXMLReporter -->
<testsuite ignored="0" hostname="DESKTOP-EDLROQB" failures="0" tests="3" name="validate title" time="53.073" errors="0" timestamp="2020-12-15T15:34:34 IST">
  <testcase classname="Academy.validateTitle" name="basePageNavigation" time="0.099"/>
  <testcase classname="Academy.validateTitle" name="validateHeader" time="0.025"/>
  <testcase classname="Academy.validateTitle" name="validatesubHeader" time="0.027"/>
</testsuite> <!-- validate title -->
